<?xml version="1.0" encoding="UTF-8"?>
<!-- Generated by org.testng.reporters.JUnitReportReporter -->
<testsuite hostname="LAPTOP-CUQNPJ93" failures="0" tests="4" name="ecommerce.Automation" time="120.183" errors="0" timestamp="2022-10-11T11:31:13 IST" skipped="0">
  <testcase classname="ecommerce.Automation" name="firefox" time="75.739"/>
  <testcase classname="ecommerce.Automation" name="LaunchFirefox" time="4.008"/>
  <testcase classname="ecommerce.Automation" name="LaunchChrome" time="2.034"/>
  <testcase classname="ecommerce.Automation" name="f" time="38.402"/>
</testsuite> <!-- ecommerce.Automation -->
